<?xml version="1.0" encoding="UTF-8"?>
<!-- Generated by org.testng.reporters.JUnitReportReporter -->
<testsuite skipped="0" hostname="DESKTOP-CP4RQU0" name="POMTutorial.BasePageTest" tests="2" failures="0" timestamp="2020-10-07T17:04:44 IST" time="6.316" errors="0">
  <testcase name="PageTitle" time="3.014" classname="POMTutorial.BasePageTest"/>
  <system-out/>
  <testcase name="BasicSitePageTest" time="3.302" classname="POMTutorial.BasePageTest"/>
  <system-out/>
</testsuite> <!-- POMTutorial.BasePageTest -->
