<?xml version="1.0" encoding="UTF-8"?>
<!-- Generated by org.testng.reporters.JUnitReportReporter -->
<testsuite skipped="0" hostname="DESKTOP-CP4RQU0" name="POMTutorial.HomePageTest" tests="1" failures="0" timestamp="2020-10-01T12:56:35 IST" time="18.313" errors="0">
  <testcase name="baseSite" time="18.313" classname="POMTutorial.HomePageTest"/>
  <system-out/>
</testsuite> <!-- POMTutorial.HomePageTest -->
