<?xml version="1.0" encoding="UTF-8"?>
<!-- Generated by org.testng.reporters.JUnitReportReporter -->
<testsuite skipped="0" hostname="DESKTOP-CP4RQU0" name="POMTutorial.LoginPageTest" tests="2" failures="0" timestamp="2020-10-07T17:04:44 IST" time="43.515" errors="0">
  <testcase name="UserLoggedinPageTest" time="27.036" classname="POMTutorial.LoginPageTest"/>
  <system-out/>
  <testcase name="UserLoggedinPageTest" time="16.479" classname="POMTutorial.LoginPageTest"/>
  <system-out/>
</testsuite> <!-- POMTutorial.LoginPageTest -->
