<?xml version="1.0" encoding="UTF-8"?>
<!-- Generated by org.testng.reporters.JUnitReportReporter -->
<testsuite skipped="0" hostname="DESKTOP-CP4RQU0" name="POMTutorial.LoginPageTest" tests="2" failures="0" timestamp="2020-10-16T17:30:37 IST" time="37.607" errors="0">
  <testcase name="UserLoggedinPageTest" time="20.682" classname="POMTutorial.LoginPageTest"/>
  <system-out/>
  <testcase name="UserLoggedinPageTest" time="16.925" classname="POMTutorial.LoginPageTest"/>
  <system-out/>
</testsuite> <!-- POMTutorial.LoginPageTest -->
