<?xml version="1.0" encoding="UTF-8"?>
<!-- Generated by org.testng.reporters.JUnitReportReporter -->
<testsuite skipped="0" hostname="DESKTOP-CP4RQU0" name="POMTutorial.BasePageTest" tests="2" failures="0" timestamp="2020-10-16T17:30:37 IST" time="7.449" errors="0">
  <testcase name="PageTitle" time="3.046" classname="POMTutorial.BasePageTest"/>
  <system-out/>
  <testcase name="BasicSitePageTest" time="4.403" classname="POMTutorial.BasePageTest"/>
  <system-out/>
</testsuite> <!-- POMTutorial.BasePageTest -->
