<?xml version="1.0" encoding="UTF-8"?>
<!-- Generated by org.testng.reporters.JUnitReportReporter -->
<testsuite skipped="0" hostname="DESKTOP-CP4RQU0" name="POMTutorial.BasePageTest" tests="2" failures="0" timestamp="2021-04-26T14:41:05 IST" time="9.445" errors="0">
  <testcase name="BasicSitePageTest" time="6.414" classname="POMTutorial.BasePageTest"/>
  <system-out/>
  <testcase name="PageTitle" time="3.031" classname="POMTutorial.BasePageTest"/>
  <system-out/>
</testsuite> <!-- POMTutorial.BasePageTest -->
