<?xml version="1.0" encoding="UTF-8"?>
<!-- Generated by org.testng.reporters.JUnitReportReporter -->
<testsuite skipped="0" hostname="DESKTOP-CP4RQU0" name="POMTutorial.LoginPageTest" tests="1" failures="0" timestamp="2020-10-01T17:00:12 IST" time="13.585" errors="0">
  <testcase name="UserLoggedinPageTest" time="13.585" classname="POMTutorial.LoginPageTest"/>
  <system-out/>
</testsuite> <!-- POMTutorial.LoginPageTest -->
