<?xml version="1.0" encoding="UTF-8"?>
<!-- Generated by org.testng.reporters.JUnitReportReporter -->
<testsuite skipped="0" hostname="DESKTOP-CP4RQU0" name="POMTutorial.LoginPageTest" tests="2" failures="0" timestamp="2021-04-26T14:41:05 IST" time="46.111" errors="0">
  <testcase name="UserLoggedinPageTest" time="20.949" classname="POMTutorial.LoginPageTest"/>
  <system-out/>
  <testcase name="UserLoggedinPageTest" time="25.162" classname="POMTutorial.LoginPageTest"/>
  <system-out/>
</testsuite> <!-- POMTutorial.LoginPageTest -->
