<?xml version="1.0" encoding="UTF-8"?>
<!-- Generated by org.testng.reporters.JUnitReportReporter -->
<testsuite skipped="0" hostname="DESKTOP-CP4RQU0" name="POMTutorial.BasePageTest" tests="1" failures="0" timestamp="2020-10-01T17:00:12 IST" time="0.505" errors="0">
  <testcase name="BasicSitePageTest" time="0.505" classname="POMTutorial.BasePageTest"/>
  <system-out/>
</testsuite> <!-- POMTutorial.BasePageTest -->
